/* Tue Jan  7 14:30:03.473 2020 conn 1 real 0.001 wall 0.001 found 54 */ SELECT  FROM idiom WHERE MATCH('is') LIMIT 0,200 OPTION agent_query_timeout=0, retry_delay=0;
/* Tue Jan  7 14:30:10.111 2020 conn 2 real 0.001 wall 0.001 found 1 */ SELECT  FROM idiom WHERE MATCH('lone') LIMIT 0,200 OPTION agent_query_timeout=0, retry_delay=0;
/* Tue Jan  7 14:30:10.123 2020 conn 2 real 0.001 wall 0.001 found 54 */ SELECT  FROM idiom WHERE MATCH('is') LIMIT 0,200 OPTION agent_query_timeout=0, retry_delay=0;
/* Tue Jan  7 14:30:15.271 2020 conn 3 real 0.001 wall 0.001 found 2 */ SELECT  FROM idiom WHERE MATCH('wolf') LIMIT 0,200 OPTION agent_query_timeout=0, retry_delay=0;
/* Tue Jan  7 14:30:15.280 2020 conn 3 real 0.001 wall 0.001 found 1 */ SELECT  FROM idiom WHERE MATCH('wolf lone') LIMIT 0,200 OPTION agent_query_timeout=0, retry_delay=0;
/* Tue Jan  7 14:30:22.378 2020 conn 4 real 0.001 wall 0.001 found 54 */ SELECT  FROM idiom WHERE MATCH('is') LIMIT 0,200 OPTION agent_query_timeout=0, retry_delay=0;
/* Tue Jan  7 14:30:22.387 2020 conn 4 real 0.001 wall 0.001 found 1 */ SELECT  FROM idiom WHERE MATCH('lone') LIMIT 0,200 OPTION agent_query_timeout=0, retry_delay=0;
/* Tue Jan  7 14:30:22.390 2020 conn 4 real 0.001 wall 0.001 found 54 */ SELECT  FROM idiom WHERE MATCH('is') LIMIT 0,200 OPTION agent_query_timeout=0, retry_delay=0;
/* Tue Jan  7 14:30:22.473 2020 conn 4 real 0.001 wall 0.001 found 2 */ SELECT  FROM idiom WHERE MATCH('wolf') LIMIT 0,200 OPTION agent_query_timeout=0, retry_delay=0;
/* Tue Jan  7 14:30:22.476 2020 conn 4 real 0.001 wall 0.001 found 1 */ SELECT  FROM idiom WHERE MATCH('wolf lone') LIMIT 0,200 OPTION agent_query_timeout=0, retry_delay=0;
/* Tue Jan  7 14:30:25.616 2020 conn 4 real 0.001 wall 0.001 found 54 */ SELECT  FROM idiom WHERE MATCH('is') LIMIT 0,200 OPTION agent_query_timeout=0, retry_delay=0;
/* Tue Jan  7 14:30:25.623 2020 conn 4 real 0.001 wall 0.001 found 1 */ SELECT  FROM idiom WHERE MATCH('lone') LIMIT 0,200 OPTION agent_query_timeout=0, retry_delay=0;
/* Tue Jan  7 14:30:25.627 2020 conn 4 real 0.001 wall 0.001 found 54 */ SELECT  FROM idiom WHERE MATCH('is') LIMIT 0,200 OPTION agent_query_timeout=0, retry_delay=0;
/* Tue Jan  7 14:30:25.701 2020 conn 4 real 0.001 wall 0.001 found 2 */ SELECT  FROM idiom WHERE MATCH('wolf') LIMIT 0,200 OPTION agent_query_timeout=0, retry_delay=0;
/* Tue Jan  7 14:30:25.705 2020 conn 4 real 0.001 wall 0.001 found 1 */ SELECT  FROM idiom WHERE MATCH('wolf lone') LIMIT 0,200 OPTION agent_query_timeout=0, retry_delay=0;
/* Tue Jan  7 14:30:32.108 2020 conn 5 real 0.001 wall 0.001 found 54 */ SELECT  FROM idiom WHERE MATCH('is') LIMIT 0,200 OPTION agent_query_timeout=0, retry_delay=0;
/* Tue Jan  7 14:30:32.112 2020 conn 5 real 0.001 wall 0.001 found 1 */ SELECT  FROM idiom WHERE MATCH('lone') LIMIT 0,200 OPTION agent_query_timeout=0, retry_delay=0;
/* Tue Jan  7 14:30:32.115 2020 conn 5 real 0.001 wall 0.001 found 54 */ SELECT  FROM idiom WHERE MATCH('is') LIMIT 0,200 OPTION agent_query_timeout=0, retry_delay=0;
/* Tue Jan  7 14:30:32.176 2020 conn 5 real 0.001 wall 0.001 found 2 */ SELECT  FROM idiom WHERE MATCH('wolf') LIMIT 0,200 OPTION agent_query_timeout=0, retry_delay=0;
/* Tue Jan  7 14:30:32.180 2020 conn 5 real 0.001 wall 0.001 found 1 */ SELECT  FROM idiom WHERE MATCH('wolf lone') LIMIT 0,200 OPTION agent_query_timeout=0, retry_delay=0;
/* Tue Jan  7 14:30:33.659 2020 conn 5 real 0.001 wall 0.001 found 54 */ SELECT  FROM idiom WHERE MATCH('is') LIMIT 0,200 OPTION agent_query_timeout=0, retry_delay=0;
/* Tue Jan  7 14:30:33.666 2020 conn 5 real 0.002 wall 0.002 found 1 */ SELECT  FROM idiom WHERE MATCH('lone') LIMIT 0,200 OPTION agent_query_timeout=0, retry_delay=0;
/* Tue Jan  7 14:30:33.669 2020 conn 5 real 0.001 wall 0.001 found 54 */ SELECT  FROM idiom WHERE MATCH('is') LIMIT 0,200 OPTION agent_query_timeout=0, retry_delay=0;
/* Tue Jan  7 14:30:33.725 2020 conn 5 real 0.001 wall 0.001 found 2 */ SELECT  FROM idiom WHERE MATCH('wolf') LIMIT 0,200 OPTION agent_query_timeout=0, retry_delay=0;
/* Tue Jan  7 14:30:33.729 2020 conn 5 real 0.001 wall 0.001 found 1 */ SELECT  FROM idiom WHERE MATCH('wolf lone') LIMIT 0,200 OPTION agent_query_timeout=0, retry_delay=0;
/* Tue Jan  7 14:30:34.932 2020 conn 5 real 0.001 wall 0.001 found 54 */ SELECT  FROM idiom WHERE MATCH('is') LIMIT 0,200 OPTION agent_query_timeout=0, retry_delay=0;
/* Tue Jan  7 14:30:34.937 2020 conn 5 real 0.001 wall 0.001 found 1 */ SELECT  FROM idiom WHERE MATCH('lone') LIMIT 0,200 OPTION agent_query_timeout=0, retry_delay=0;
/* Tue Jan  7 14:30:34.940 2020 conn 5 real 0.001 wall 0.001 found 54 */ SELECT  FROM idiom WHERE MATCH('is') LIMIT 0,200 OPTION agent_query_timeout=0, retry_delay=0;
/* Tue Jan  7 14:30:34.974 2020 conn 5 real 0.001 wall 0.001 found 2 */ SELECT  FROM idiom WHERE MATCH('wolf') LIMIT 0,200 OPTION agent_query_timeout=0, retry_delay=0;
/* Tue Jan  7 14:30:34.977 2020 conn 5 real 0.001 wall 0.001 found 1 */ SELECT  FROM idiom WHERE MATCH('wolf lone') LIMIT 0,200 OPTION agent_query_timeout=0, retry_delay=0;
/* Tue Jan  7 14:39:10.600 2020 conn 6 real 0.000 wall 0.000 found 54 */ SELECT  FROM idiom WHERE MATCH('is') LIMIT 0,200 OPTION agent_query_timeout=0, retry_delay=0;
/* Tue Jan  7 14:39:10.604 2020 conn 6 real 0.000 wall 0.000 found 1 */ SELECT  FROM idiom WHERE MATCH('lone') LIMIT 0,200 OPTION agent_query_timeout=0, retry_delay=0;
/* Tue Jan  7 14:39:10.606 2020 conn 6 real 0.000 wall 0.000 found 54 */ SELECT  FROM idiom WHERE MATCH('is') LIMIT 0,200 OPTION agent_query_timeout=0, retry_delay=0;
/* Tue Jan  7 14:39:10.638 2020 conn 6 real 0.001 wall 0.001 found 2 */ SELECT  FROM idiom WHERE MATCH('wolf') LIMIT 0,200 OPTION agent_query_timeout=0, retry_delay=0;
/* Tue Jan  7 14:39:10.642 2020 conn 6 real 0.001 wall 0.001 found 1 */ SELECT  FROM idiom WHERE MATCH('wolf lone') LIMIT 0,200 OPTION agent_query_timeout=0, retry_delay=0;
/* Tue Jan  7 14:39:43.082 2020 conn 7 real 0.002 wall 0.002 found 54 */ SELECT  FROM idiom WHERE MATCH('is') LIMIT 0,200 OPTION agent_query_timeout=0, retry_delay=0;
/* Tue Jan  7 14:39:43.087 2020 conn 7 real 0.001 wall 0.001 found 1 */ SELECT  FROM idiom WHERE MATCH('lone') LIMIT 0,200 OPTION agent_query_timeout=0, retry_delay=0;
/* Tue Jan  7 14:39:43.090 2020 conn 7 real 0.001 wall 0.001 found 54 */ SELECT  FROM idiom WHERE MATCH('is') LIMIT 0,200 OPTION agent_query_timeout=0, retry_delay=0;
/* Tue Jan  7 14:39:43.129 2020 conn 7 real 0.000 wall 0.000 found 2 */ SELECT  FROM idiom WHERE MATCH('wolf') LIMIT 0,200 OPTION agent_query_timeout=0, retry_delay=0;
/* Tue Jan  7 14:39:43.131 2020 conn 7 real 0.000 wall 0.000 found 1 */ SELECT  FROM idiom WHERE MATCH('wolf lone') LIMIT 0,200 OPTION agent_query_timeout=0, retry_delay=0;
/* Tue Jan  7 14:42:53.587 2020 conn 8 real 0.000 wall 0.000 found 54 */ SELECT  FROM idiom WHERE MATCH('is') LIMIT 0,200 OPTION agent_query_timeout=0, retry_delay=0;
/* Tue Jan  7 14:42:53.610 2020 conn 8 real 0.000 wall 0.000 found 1 */ SELECT  FROM idiom WHERE MATCH('lone') LIMIT 0,200 OPTION agent_query_timeout=0, retry_delay=0;
/* Tue Jan  7 14:42:53.612 2020 conn 8 real 0.000 wall 0.000 found 54 */ SELECT  FROM idiom WHERE MATCH('is') LIMIT 0,200 OPTION agent_query_timeout=0, retry_delay=0;
/* Tue Jan  7 14:42:54.784 2020 conn 8 real 0.000 wall 0.000 found 2 */ SELECT  FROM idiom WHERE MATCH('wolf') LIMIT 0,200 OPTION agent_query_timeout=0, retry_delay=0;
/* Tue Jan  7 14:42:54.786 2020 conn 8 real 0.000 wall 0.000 found 1 */ SELECT  FROM idiom WHERE MATCH('wolf lone') LIMIT 0,200 OPTION agent_query_timeout=0, retry_delay=0;
/* Tue Jan  7 14:44:10.875 2020 conn 9 real 0.000 wall 0.000 found 54 */ SELECT  FROM idiom WHERE MATCH('is') LIMIT 0,200 OPTION agent_query_timeout=0, retry_delay=0;
/* Tue Jan  7 14:44:10.881 2020 conn 9 real 0.000 wall 0.000 found 1 */ SELECT  FROM idiom WHERE MATCH('lone') LIMIT 0,200 OPTION agent_query_timeout=0, retry_delay=0;
/* Tue Jan  7 14:44:10.884 2020 conn 9 real 0.000 wall 0.000 found 54 */ SELECT  FROM idiom WHERE MATCH('is') LIMIT 0,200 OPTION agent_query_timeout=0, retry_delay=0;
/* Tue Jan  7 14:44:10.966 2020 conn 9 real 0.000 wall 0.000 found 2 */ SELECT  FROM idiom WHERE MATCH('wolf') LIMIT 0,200 OPTION agent_query_timeout=0, retry_delay=0;
/* Tue Jan  7 14:44:10.969 2020 conn 9 real 0.000 wall 0.000 found 1 */ SELECT  FROM idiom WHERE MATCH('wolf lone') LIMIT 0,200 OPTION agent_query_timeout=0, retry_delay=0;
/* Tue Jan  7 14:45:12.461 2020 conn 10 real 0.000 wall 0.000 found 54 */ SELECT  FROM idiom WHERE MATCH('is') LIMIT 0,200 OPTION agent_query_timeout=0, retry_delay=0;
/* Tue Jan  7 14:45:12.465 2020 conn 10 real 0.000 wall 0.000 found 1 */ SELECT  FROM idiom WHERE MATCH('lone') LIMIT 0,200 OPTION agent_query_timeout=0, retry_delay=0;
/* Tue Jan  7 14:45:12.467 2020 conn 10 real 0.000 wall 0.000 found 54 */ SELECT  FROM idiom WHERE MATCH('is') LIMIT 0,200 OPTION agent_query_timeout=0, retry_delay=0;
/* Tue Jan  7 14:45:12.513 2020 conn 10 real 0.000 wall 0.000 found 2 */ SELECT  FROM idiom WHERE MATCH('wolf') LIMIT 0,200 OPTION agent_query_timeout=0, retry_delay=0;
/* Tue Jan  7 14:45:12.515 2020 conn 10 real 0.000 wall 0.000 found 1 */ SELECT  FROM idiom WHERE MATCH('wolf lone') LIMIT 0,200 OPTION agent_query_timeout=0, retry_delay=0;
/* Tue Jan  7 14:51:52.943 2020 conn 11 real 0.000 wall 0.000 found 54 */ SELECT  FROM idiom WHERE MATCH('is') LIMIT 0,200 OPTION agent_query_timeout=0, retry_delay=0;
/* Tue Jan  7 14:51:52.966 2020 conn 11 real 0.000 wall 0.000 found 1 */ SELECT  FROM idiom WHERE MATCH('lone') LIMIT 0,200 OPTION agent_query_timeout=0, retry_delay=0;
/* Tue Jan  7 14:51:52.969 2020 conn 11 real 0.000 wall 0.000 found 54 */ SELECT  FROM idiom WHERE MATCH('is') LIMIT 0,200 OPTION agent_query_timeout=0, retry_delay=0;
/* Tue Jan  7 14:51:55.157 2020 conn 11 real 0.000 wall 0.000 found 2 */ SELECT  FROM idiom WHERE MATCH('wolf') LIMIT 0,200 OPTION agent_query_timeout=0, retry_delay=0;
/* Tue Jan  7 14:51:55.160 2020 conn 11 real 0.000 wall 0.000 found 1 */ SELECT  FROM idiom WHERE MATCH('wolf lone') LIMIT 0,200 OPTION agent_query_timeout=0, retry_delay=0;
/* Tue Jan  7 14:52:05.648 2020 conn 12 real 0.000 wall 0.000 found 0 */ SELECT  FROM phrasal WHERE MATCH('is a') LIMIT 0,200 OPTION agent_query_timeout=0, retry_delay=0;
/* Tue Jan  7 14:52:05.654 2020 conn 12 real 0.000 wall 0.000 found 0 */ SELECT  FROM phrasal WHERE MATCH('is a') LIMIT 0,200 OPTION agent_query_timeout=0, retry_delay=0;
/* Tue Jan  7 14:52:33.363 2020 conn 13 real 0.000 wall 0.000 found 54 */ SELECT  FROM idiom WHERE MATCH('is') LIMIT 0,200 OPTION agent_query_timeout=0, retry_delay=0;
/* Tue Jan  7 14:52:33.367 2020 conn 13 real 0.000 wall 0.000 found 1 */ SELECT  FROM idiom WHERE MATCH('lone') LIMIT 0,200 OPTION agent_query_timeout=0, retry_delay=0;
/* Tue Jan  7 14:52:33.370 2020 conn 13 real 0.000 wall 0.000 found 54 */ SELECT  FROM idiom WHERE MATCH('is') LIMIT 0,200 OPTION agent_query_timeout=0, retry_delay=0;
/* Tue Jan  7 14:52:33.431 2020 conn 13 real 0.000 wall 0.000 found 2 */ SELECT  FROM idiom WHERE MATCH('wolf') LIMIT 0,200 OPTION agent_query_timeout=0, retry_delay=0;
/* Tue Jan  7 14:52:33.433 2020 conn 13 real 0.000 wall 0.000 found 1 */ SELECT  FROM idiom WHERE MATCH('wolf lone') LIMIT 0,200 OPTION agent_query_timeout=0, retry_delay=0;
/* Tue Jan  7 15:05:41.112 2020 conn 14 real 0.000 wall 0.000 found 0 */ SELECT  FROM phrasal WHERE MATCH('is a') LIMIT 0,200 OPTION agent_query_timeout=0, retry_delay=0;
/* Tue Jan  7 15:05:41.120 2020 conn 14 real 0.000 wall 0.000 found 0 */ SELECT  FROM phrasal WHERE MATCH('is a') LIMIT 0,200 OPTION agent_query_timeout=0, retry_delay=0;
/* Tue Jan  7 15:05:51.058 2020 conn 15 real 0.000 wall 0.000 found 54 */ SELECT  FROM idiom WHERE MATCH('is') LIMIT 0,200 OPTION agent_query_timeout=0, retry_delay=0;
/* Tue Jan  7 15:05:51.081 2020 conn 15 real 0.000 wall 0.000 found 1 */ SELECT  FROM idiom WHERE MATCH('lone') LIMIT 0,200 OPTION agent_query_timeout=0, retry_delay=0;
/* Tue Jan  7 15:05:51.083 2020 conn 15 real 0.000 wall 0.000 found 54 */ SELECT  FROM idiom WHERE MATCH('is') LIMIT 0,200 OPTION agent_query_timeout=0, retry_delay=0;
/* Tue Jan  7 15:05:52.774 2020 conn 15 real 0.000 wall 0.000 found 2 */ SELECT  FROM idiom WHERE MATCH('wolf') LIMIT 0,200 OPTION agent_query_timeout=0, retry_delay=0;
/* Tue Jan  7 15:05:52.776 2020 conn 15 real 0.000 wall 0.000 found 1 */ SELECT  FROM idiom WHERE MATCH('wolf lone') LIMIT 0,200 OPTION agent_query_timeout=0, retry_delay=0;
/* Tue Jan  7 15:06:00.842 2020 conn 16 real 0.001 wall 0.001 found 0 */ SELECT  FROM phrasal WHERE MATCH('is a') LIMIT 0,200 OPTION agent_query_timeout=0, retry_delay=0;
/* Tue Jan  7 15:06:00.847 2020 conn 16 real 0.000 wall 0.000 found 0 */ SELECT  FROM phrasal WHERE MATCH('a lone') LIMIT 0,200 OPTION agent_query_timeout=0, retry_delay=0;
/* Tue Jan  7 15:08:57.131 2020 conn 17 real 0.000 wall 0.000 found 9 */ SELECT  FROM idiom WHERE MATCH('i') LIMIT 0,200 OPTION agent_query_timeout=0, retry_delay=0;
/* Tue Jan  7 15:08:57.134 2020 conn 17 real 0.000 wall 0.000 found 46 */ SELECT  FROM idiom WHERE MATCH('have') LIMIT 0,200 OPTION agent_query_timeout=0, retry_delay=0;
/* Tue Jan  7 15:08:57.137 2020 conn 17 real 0.000 wall 0.000 found 5 */ SELECT  FROM idiom WHERE MATCH('pick') LIMIT 0,200 OPTION agent_query_timeout=0, retry_delay=0;
/* Tue Jan  7 15:08:57.139 2020 conn 17 real 0.000 wall 0.000 found 1 */ SELECT  FROM idiom WHERE MATCH('have i') LIMIT 0,200 OPTION agent_query_timeout=0, retry_delay=0;
/* Tue Jan  7 15:08:57.146 2020 conn 17 real 0.000 wall 0.000 found 50 */ SELECT  FROM idiom WHERE MATCH('up') LIMIT 0,200 OPTION agent_query_timeout=0, retry_delay=0;
/* Tue Jan  7 15:08:57.150 2020 conn 17 real 0.000 wall 0.000 found 2 */ SELECT  FROM idiom WHERE MATCH('pick up') LIMIT 0,200 OPTION agent_query_timeout=0, retry_delay=0;
/* Tue Jan  7 15:09:04.839 2020 conn 18 real 0.000 wall 0.000 found 0 */ SELECT  FROM phrasal WHERE MATCH('have to') LIMIT 0,200 OPTION agent_query_timeout=0, retry_delay=0;
/* Tue Jan  7 15:09:04.841 2020 conn 18 real 0.000 wall 0.000 found 0 */ SELECT  FROM phrasal WHERE MATCH('to pick') LIMIT 0,200 OPTION agent_query_timeout=0, retry_delay=0;
/* Tue Jan  7 15:09:04.844 2020 conn 18 real 0.000 wall 0.000 found 0 */ SELECT  FROM phrasal WHERE MATCH('pick him') LIMIT 0,200 OPTION agent_query_timeout=0, retry_delay=0;
/* Tue Jan  7 15:09:04.846 2020 conn 18 real 0.000 wall 0.000 found 0 */ SELECT  FROM phrasal WHERE MATCH('him up') LIMIT 0,200 OPTION agent_query_timeout=0, retry_delay=0;
/* Tue Jan  7 15:14:09.547 2020 conn 19 real 0.000 wall 0.000 found 9 */ SELECT  FROM idiom WHERE MATCH('i') LIMIT 0,200 OPTION agent_query_timeout=0, retry_delay=0;
/* Tue Jan  7 15:14:09.567 2020 conn 19 real 0.000 wall 0.000 found 46 */ SELECT  FROM idiom WHERE MATCH('have') LIMIT 0,200 OPTION agent_query_timeout=0, retry_delay=0;
/* Tue Jan  7 15:14:09.572 2020 conn 19 real 0.000 wall 0.000 found 5 */ SELECT  FROM idiom WHERE MATCH('pick') LIMIT 0,200 OPTION agent_query_timeout=0, retry_delay=0;
/* Tue Jan  7 15:14:09.574 2020 conn 19 real 0.000 wall 0.000 found 1 */ SELECT  FROM idiom WHERE MATCH('have i') LIMIT 0,200 OPTION agent_query_timeout=0, retry_delay=0;
/* Tue Jan  7 15:14:11.407 2020 conn 19 real 0.000 wall 0.000 found 50 */ SELECT  FROM idiom WHERE MATCH('up') LIMIT 0,200 OPTION agent_query_timeout=0, retry_delay=0;
/* Tue Jan  7 15:14:11.412 2020 conn 19 real 0.000 wall 0.000 found 2 */ SELECT  FROM idiom WHERE MATCH('pick up') LIMIT 0,200 OPTION agent_query_timeout=0, retry_delay=0;
/* Tue Jan  7 15:14:11.429 2020 conn 19 real 0.000 wall 0.000 found 0 */ SELECT  FROM phrasal WHERE MATCH('have to') LIMIT 0,200 OPTION agent_query_timeout=0, retry_delay=0;
/* Tue Jan  7 15:14:11.434 2020 conn 19 real 0.000 wall 0.000 found 0 */ SELECT  FROM phrasal WHERE MATCH('to pick') LIMIT 0,200 OPTION agent_query_timeout=0, retry_delay=0;
/* Tue Jan  7 15:14:11.436 2020 conn 19 real 0.000 wall 0.000 found 0 */ SELECT  FROM phrasal WHERE MATCH('pick him') LIMIT 0,200 OPTION agent_query_timeout=0, retry_delay=0;
/* Tue Jan  7 15:14:11.438 2020 conn 19 real 0.000 wall 0.000 found 0 */ SELECT  FROM phrasal WHERE MATCH('him up') LIMIT 0,200 OPTION agent_query_timeout=0, retry_delay=0;
/* Tue Jan  7 15:14:13.315 2020 conn 19 real 0.000 wall 0.000 found 9 */ SELECT  FROM idiom WHERE MATCH('i') LIMIT 0,200 OPTION agent_query_timeout=0, retry_delay=0;
/* Tue Jan  7 15:14:13.318 2020 conn 19 real 0.000 wall 0.000 found 46 */ SELECT  FROM idiom WHERE MATCH('have') LIMIT 0,200 OPTION agent_query_timeout=0, retry_delay=0;
/* Tue Jan  7 15:14:13.323 2020 conn 19 real 0.000 wall 0.000 found 5 */ SELECT  FROM idiom WHERE MATCH('pick') LIMIT 0,200 OPTION agent_query_timeout=0, retry_delay=0;
/* Tue Jan  7 15:14:13.326 2020 conn 19 real 0.000 wall 0.000 found 1 */ SELECT  FROM idiom WHERE MATCH('have i') LIMIT 0,200 OPTION agent_query_timeout=0, retry_delay=0;
/* Tue Jan  7 15:14:13.341 2020 conn 19 real 0.000 wall 0.000 found 50 */ SELECT  FROM idiom WHERE MATCH('up') LIMIT 0,200 OPTION agent_query_timeout=0, retry_delay=0;
/* Tue Jan  7 15:14:13.344 2020 conn 19 real 0.000 wall 0.000 found 2 */ SELECT  FROM idiom WHERE MATCH('pick up') LIMIT 0,200 OPTION agent_query_timeout=0, retry_delay=0;
/* Tue Jan  7 15:14:13.355 2020 conn 19 real 0.000 wall 0.000 found 0 */ SELECT  FROM phrasal WHERE MATCH('have to') LIMIT 0,200 OPTION agent_query_timeout=0, retry_delay=0;
/* Tue Jan  7 15:14:13.358 2020 conn 19 real 0.000 wall 0.000 found 0 */ SELECT  FROM phrasal WHERE MATCH('to pick') LIMIT 0,200 OPTION agent_query_timeout=0, retry_delay=0;
/* Tue Jan  7 15:14:13.360 2020 conn 19 real 0.000 wall 0.000 found 0 */ SELECT  FROM phrasal WHERE MATCH('pick him') LIMIT 0,200 OPTION agent_query_timeout=0, retry_delay=0;
/* Tue Jan  7 15:14:13.361 2020 conn 19 real 0.000 wall 0.000 found 0 */ SELECT  FROM phrasal WHERE MATCH('him up') LIMIT 0,200 OPTION agent_query_timeout=0, retry_delay=0;
/* Tue Jan  7 15:14:46.281 2020 conn 20 real 0.000 wall 0.000 found 9 */ SELECT  FROM idiom WHERE MATCH('i') LIMIT 0,200 OPTION agent_query_timeout=0, retry_delay=0;
/* Tue Jan  7 15:14:46.284 2020 conn 20 real 0.000 wall 0.000 found 46 */ SELECT  FROM idiom WHERE MATCH('have') LIMIT 0,200 OPTION agent_query_timeout=0, retry_delay=0;
/* Tue Jan  7 15:14:46.287 2020 conn 20 real 0.000 wall 0.000 found 5 */ SELECT  FROM idiom WHERE MATCH('pick') LIMIT 0,200 OPTION agent_query_timeout=0, retry_delay=0;
/* Tue Jan  7 15:14:46.289 2020 conn 20 real 0.000 wall 0.000 found 1 */ SELECT  FROM idiom WHERE MATCH('have i') LIMIT 0,200 OPTION agent_query_timeout=0, retry_delay=0;
/* Tue Jan  7 15:14:46.300 2020 conn 20 real 0.001 wall 0.001 found 50 */ SELECT  FROM idiom WHERE MATCH('up') LIMIT 0,200 OPTION agent_query_timeout=0, retry_delay=0;
/* Tue Jan  7 15:14:46.304 2020 conn 20 real 0.000 wall 0.000 found 2 */ SELECT  FROM idiom WHERE MATCH('pick up') LIMIT 0,200 OPTION agent_query_timeout=0, retry_delay=0;
/* Tue Jan  7 15:14:46.315 2020 conn 20 real 0.001 wall 0.001 found 0 */ SELECT  FROM phrasal WHERE MATCH('have to') LIMIT 0,200 OPTION agent_query_timeout=0, retry_delay=0;
/* Tue Jan  7 15:14:46.318 2020 conn 20 real 0.000 wall 0.000 found 0 */ SELECT  FROM phrasal WHERE MATCH('to pick') LIMIT 0,200 OPTION agent_query_timeout=0, retry_delay=0;
/* Tue Jan  7 15:14:46.320 2020 conn 20 real 0.000 wall 0.000 found 0 */ SELECT  FROM phrasal WHERE MATCH('pick him') LIMIT 0,200 OPTION agent_query_timeout=0, retry_delay=0;
/* Tue Jan  7 15:14:46.321 2020 conn 20 real 0.000 wall 0.000 found 0 */ SELECT  FROM phrasal WHERE MATCH('him up') LIMIT 0,200 OPTION agent_query_timeout=0, retry_delay=0;
/* Tue Jan  7 15:14:54.184 2020 conn 21 real 0.000 wall 0.000 found 9 */ SELECT  FROM idiom WHERE MATCH('i') LIMIT 0,200 OPTION agent_query_timeout=0, retry_delay=0;
/* Tue Jan  7 15:14:54.186 2020 conn 21 real 0.000 wall 0.000 found 46 */ SELECT  FROM idiom WHERE MATCH('have') LIMIT 0,200 OPTION agent_query_timeout=0, retry_delay=0;
/* Tue Jan  7 15:14:54.190 2020 conn 21 real 0.000 wall 0.000 found 5 */ SELECT  FROM idiom WHERE MATCH('pick') LIMIT 0,200 OPTION agent_query_timeout=0, retry_delay=0;
/* Tue Jan  7 15:14:54.192 2020 conn 21 real 0.000 wall 0.000 found 1 */ SELECT  FROM idiom WHERE MATCH('have i') LIMIT 0,200 OPTION agent_query_timeout=0, retry_delay=0;
/* Tue Jan  7 15:14:54.202 2020 conn 21 real 0.000 wall 0.000 found 50 */ SELECT  FROM idiom WHERE MATCH('up') LIMIT 0,200 OPTION agent_query_timeout=0, retry_delay=0;
/* Tue Jan  7 15:14:54.204 2020 conn 21 real 0.000 wall 0.000 found 2 */ SELECT  FROM idiom WHERE MATCH('pick up') LIMIT 0,200 OPTION agent_query_timeout=0, retry_delay=0;
/* Tue Jan  7 15:15:40.595 2020 conn 22 real 0.000 wall 0.000 found 0 */ SELECT  FROM phrasal WHERE MATCH('have to') LIMIT 0,200 OPTION agent_query_timeout=0, retry_delay=0;
/* Tue Jan  7 15:15:47.928 2020 conn 23 real 0.000 wall 0.000 found 0 */ SELECT  FROM phrasal WHERE MATCH('to pick') LIMIT 0,200 OPTION agent_query_timeout=0, retry_delay=0;
/* Tue Jan  7 15:17:01.003 2020 conn 24 real 0.000 wall 0.000 found 0 */ SELECT  FROM phrasal WHERE MATCH('pick him') LIMIT 0,200 OPTION agent_query_timeout=0, retry_delay=0;
/* Tue Jan  7 15:18:56.086 2020 conn 25 real 0.000 wall 0.000 found 0 */ SELECT  FROM phrasal WHERE MATCH('him up') LIMIT 0,200 OPTION agent_query_timeout=0, retry_delay=0;
/* Tue Jan  7 15:19:47.229 2020 conn 26 real 0.000 wall 0.000 found 9 */ SELECT  FROM idiom WHERE MATCH('i') LIMIT 0,200 OPTION agent_query_timeout=0, retry_delay=0;
/* Tue Jan  7 15:19:47.247 2020 conn 26 real 0.000 wall 0.000 found 46 */ SELECT  FROM idiom WHERE MATCH('have') LIMIT 0,200 OPTION agent_query_timeout=0, retry_delay=0;
/* Tue Jan  7 15:19:47.253 2020 conn 26 real 0.000 wall 0.000 found 5 */ SELECT  FROM idiom WHERE MATCH('pick') LIMIT 0,200 OPTION agent_query_timeout=0, retry_delay=0;
/* Tue Jan  7 15:19:47.256 2020 conn 26 real 0.000 wall 0.000 found 1 */ SELECT  FROM idiom WHERE MATCH('have i') LIMIT 0,200 OPTION agent_query_timeout=0, retry_delay=0;
/* Tue Jan  7 15:19:48.903 2020 conn 26 real 0.000 wall 0.000 found 50 */ SELECT  FROM idiom WHERE MATCH('up') LIMIT 0,200 OPTION agent_query_timeout=0, retry_delay=0;
/* Tue Jan  7 15:19:48.907 2020 conn 26 real 0.000 wall 0.000 found 2 */ SELECT  FROM idiom WHERE MATCH('pick up') LIMIT 0,200 OPTION agent_query_timeout=0, retry_delay=0;
/* Tue Jan  7 15:19:50.777 2020 conn 26 real 0.000 wall 0.000 found 0 */ SELECT  FROM phrasal WHERE MATCH('have to') LIMIT 0,200 OPTION agent_query_timeout=0, retry_delay=0;
/* Tue Jan  7 15:19:59.498 2020 conn 27 real 0.001 wall 0.001 found 0 */ SELECT  FROM phrasal WHERE MATCH('pick him') LIMIT 0,200 OPTION agent_query_timeout=0, retry_delay=0;
/* Tue Jan  7 15:22:38.504 2020 conn 28 real 0.000 wall 0.000 found 9 */ SELECT  FROM idiom WHERE MATCH('i') LIMIT 0,200 OPTION agent_query_timeout=0, retry_delay=0;
/* Tue Jan  7 15:22:38.525 2020 conn 28 real 0.000 wall 0.000 found 46 */ SELECT  FROM idiom WHERE MATCH('have') LIMIT 0,200 OPTION agent_query_timeout=0, retry_delay=0;
/* Tue Jan  7 15:22:38.531 2020 conn 28 real 0.000 wall 0.000 found 5 */ SELECT  FROM idiom WHERE MATCH('pick') LIMIT 0,200 OPTION agent_query_timeout=0, retry_delay=0;
/* Tue Jan  7 15:22:38.534 2020 conn 28 real 0.000 wall 0.000 found 1 */ SELECT  FROM idiom WHERE MATCH('have i') LIMIT 0,200 OPTION agent_query_timeout=0, retry_delay=0;
/* Tue Jan  7 15:22:40.462 2020 conn 28 real 0.000 wall 0.000 found 50 */ SELECT  FROM idiom WHERE MATCH('up') LIMIT 0,200 OPTION agent_query_timeout=0, retry_delay=0;
/* Tue Jan  7 15:22:40.466 2020 conn 28 real 0.000 wall 0.000 found 2 */ SELECT  FROM idiom WHERE MATCH('pick up') LIMIT 0,200 OPTION agent_query_timeout=0, retry_delay=0;
/* Tue Jan  7 15:22:41.715 2020 conn 28 real 0.000 wall 0.000 found 0 */ SELECT  FROM phrasal WHERE MATCH('have to') LIMIT 0,200 OPTION agent_query_timeout=0, retry_delay=0;
/* Tue Jan  7 15:22:42.250 2020 conn 28 real 0.000 wall 0.000 found 0 */ SELECT  FROM phrasal WHERE MATCH('have pick') LIMIT 0,200 OPTION agent_query_timeout=0, retry_delay=0;
/* Tue Jan  7 15:22:52.501 2020 conn 29 real 0.000 wall 0.000 found 0 */ SELECT  FROM phrasal WHERE MATCH('pick him') LIMIT 0,200 OPTION agent_query_timeout=0, retry_delay=0;
/* Tue Jan  7 15:23:05.456 2020 conn 30 real 0.000 wall 0.000 found 4 */ SELECT  FROM phrasal WHERE MATCH('pick up') LIMIT 0,200 OPTION agent_query_timeout=0, retry_delay=0;
/* Tue Jan  7 15:45:50.242 2020 conn 31 real 0.001 wall 0.001 found 0 */ SELECT  FROM phrasal WHERE MATCH('pick him up') LIMIT 0,200 OPTION agent_query_timeout=0, retry_delay=0;
/* Tue Jan  7 15:45:59.598 2020 conn 32 real 0.000 wall 0.000 found 9 */ SELECT  FROM idiom WHERE MATCH('i') LIMIT 0,200 OPTION agent_query_timeout=0, retry_delay=0;
/* Tue Jan  7 15:45:59.602 2020 conn 32 real 0.000 wall 0.000 found 46 */ SELECT  FROM idiom WHERE MATCH('have') LIMIT 0,200 OPTION agent_query_timeout=0, retry_delay=0;
/* Tue Jan  7 15:45:59.607 2020 conn 32 real 0.000 wall 0.000 found 5 */ SELECT  FROM idiom WHERE MATCH('pick') LIMIT 0,200 OPTION agent_query_timeout=0, retry_delay=0;
/* Tue Jan  7 15:45:59.609 2020 conn 32 real 0.000 wall 0.000 found 1 */ SELECT  FROM idiom WHERE MATCH('have i') LIMIT 0,200 OPTION agent_query_timeout=0, retry_delay=0;
/* Tue Jan  7 15:45:59.626 2020 conn 32 real 0.000 wall 0.000 found 50 */ SELECT  FROM idiom WHERE MATCH('up') LIMIT 0,200 OPTION agent_query_timeout=0, retry_delay=0;
/* Tue Jan  7 15:45:59.631 2020 conn 32 real 0.000 wall 0.000 found 2 */ SELECT  FROM idiom WHERE MATCH('pick up') LIMIT 0,200 OPTION agent_query_timeout=0, retry_delay=0;
/* Tue Jan  7 15:46:03.884 2020 conn 32 real 0.000 wall 0.000 found 0 */ SELECT  FROM phrasal WHERE MATCH('have to') LIMIT 0,200 OPTION agent_query_timeout=0, retry_delay=0;
/* Tue Jan  7 15:46:07.466 2020 conn 32 real 0.000 wall 0.000 found 0 */ SELECT  FROM phrasal WHERE MATCH('have pick') LIMIT 0,200 OPTION agent_query_timeout=0, retry_delay=0;
/* Tue Jan  7 15:46:09.470 2020 conn 32 real 0.000 wall 0.000 found 0 */ SELECT  FROM phrasal WHERE MATCH('pick him') LIMIT 0,200 OPTION agent_query_timeout=0, retry_delay=0;
/* Tue Jan  7 15:46:28.593 2020 conn 33 real 0.000 wall 0.000 found 4 */ SELECT  FROM phrasal WHERE MATCH('pick up') LIMIT 0,200 OPTION agent_query_timeout=0, retry_delay=0;
/* Tue Jan  7 16:09:56.225 2020 conn 34 real 0.000 wall 0.000 found 4 */ SELECT  FROM phrasal WHERE MATCH('pick up') LIMIT 0,200 OPTION agent_query_timeout=0, retry_delay=0;
/* Tue Jan  7 16:09:56.229 2020 conn 34 real 0.000 wall 0.000 found 0 */ SELECT  FROM phrasal WHERE MATCH('pick him up') LIMIT 0,200 OPTION agent_query_timeout=0, retry_delay=0;
/* Tue Jan  7 16:11:27.804 2020 conn 35 real 0.000 wall 0.000 found 9 */ SELECT  FROM idiom WHERE MATCH('i') LIMIT 0,200 OPTION agent_query_timeout=0, retry_delay=0;
/* Tue Jan  7 16:11:27.823 2020 conn 35 real 0.000 wall 0.000 found 46 */ SELECT  FROM idiom WHERE MATCH('have') LIMIT 0,200 OPTION agent_query_timeout=0, retry_delay=0;
/* Tue Jan  7 16:11:27.828 2020 conn 35 real 0.000 wall 0.000 found 5 */ SELECT  FROM idiom WHERE MATCH('pick') LIMIT 0,200 OPTION agent_query_timeout=0, retry_delay=0;
/* Tue Jan  7 16:11:27.830 2020 conn 35 real 0.000 wall 0.000 found 1 */ SELECT  FROM idiom WHERE MATCH('have i') LIMIT 0,200 OPTION agent_query_timeout=0, retry_delay=0;
/* Tue Jan  7 16:11:29.959 2020 conn 35 real 0.000 wall 0.000 found 50 */ SELECT  FROM idiom WHERE MATCH('up') LIMIT 0,200 OPTION agent_query_timeout=0, retry_delay=0;
/* Tue Jan  7 16:11:29.963 2020 conn 35 real 0.000 wall 0.000 found 2 */ SELECT  FROM idiom WHERE MATCH('pick up') LIMIT 0,200 OPTION agent_query_timeout=0, retry_delay=0;
/* Tue Jan  7 16:11:37.894 2020 conn 36 real 0.000 wall 0.000 found 0 */ SELECT  FROM phrasal WHERE MATCH('have to') LIMIT 0,200 OPTION agent_query_timeout=0, retry_delay=0;
/* Tue Jan  7 16:11:40.295 2020 conn 36 real 0.000 wall 0.000 found 0 */ SELECT  FROM phrasal WHERE MATCH('have pick') LIMIT 0,200 OPTION agent_query_timeout=0, retry_delay=0;
/* Tue Jan  7 16:11:45.470 2020 conn 37 real 0.000 wall 0.000 found 0 */ SELECT  FROM phrasal WHERE MATCH('pick him') LIMIT 0,200 OPTION agent_query_timeout=0, retry_delay=0;
/* Tue Jan  7 16:11:51.379 2020 conn 38 real 0.000 wall 0.000 found 4 */ SELECT  FROM phrasal WHERE MATCH('pick up') LIMIT 0,200 OPTION agent_query_timeout=0, retry_delay=0;
/* Tue Jan  7 16:14:53.933 2020 conn 39 real 0.002 wall 0.002 found 9 */ SELECT  FROM idiom WHERE MATCH('i') LIMIT 0,200 OPTION agent_query_timeout=0, retry_delay=0;
/* Tue Jan  7 16:14:53.937 2020 conn 39 real 0.000 wall 0.000 found 46 */ SELECT  FROM idiom WHERE MATCH('have') LIMIT 0,200 OPTION agent_query_timeout=0, retry_delay=0;
/* Tue Jan  7 16:14:53.944 2020 conn 39 real 0.001 wall 0.001 found 5 */ SELECT  FROM idiom WHERE MATCH('pick') LIMIT 0,200 OPTION agent_query_timeout=0, retry_delay=0;
/* Tue Jan  7 16:14:53.946 2020 conn 39 real 0.000 wall 0.000 found 1 */ SELECT  FROM idiom WHERE MATCH('have i') LIMIT 0,200 OPTION agent_query_timeout=0, retry_delay=0;
/* Tue Jan  7 16:14:53.966 2020 conn 39 real 0.000 wall 0.000 found 50 */ SELECT  FROM idiom WHERE MATCH('up') LIMIT 0,200 OPTION agent_query_timeout=0, retry_delay=0;
/* Tue Jan  7 16:14:53.970 2020 conn 39 real 0.000 wall 0.000 found 10 */ SELECT  FROM idiom WHERE MATCH('from') LIMIT 0,200 OPTION agent_query_timeout=0, retry_delay=0;
/* Tue Jan  7 16:14:53.972 2020 conn 39 real 0.000 wall 0.000 found 2 */ SELECT  FROM idiom WHERE MATCH('pick up') LIMIT 0,200 OPTION agent_query_timeout=0, retry_delay=0;
/* Tue Jan  7 16:14:53.984 2020 conn 39 real 0.000 wall 0.000 found 1 */ SELECT  FROM idiom WHERE MATCH('school') LIMIT 0,200 OPTION agent_query_timeout=0, retry_delay=0;
/* Tue Jan  7 16:14:53.987 2020 conn 39 real 0.000 wall 0.000 found 10 */ SELECT  FROM idiom WHERE MATCH('from') LIMIT 0,200 OPTION agent_query_timeout=0, retry_delay=0;
/* Tue Jan  7 16:14:58.547 2020 conn 39 real 0.000 wall 0.000 found 0 */ SELECT  FROM phrasal WHERE MATCH('have to') LIMIT 0,200 OPTION agent_query_timeout=0, retry_delay=0;
/* Tue Jan  7 16:14:59.136 2020 conn 39 real 0.000 wall 0.000 found 0 */ SELECT  FROM phrasal WHERE MATCH('have pick') LIMIT 0,200 OPTION agent_query_timeout=0, retry_delay=0;
/* Tue Jan  7 16:15:00.858 2020 conn 39 real 0.000 wall 0.000 found 0 */ SELECT  FROM phrasal WHERE MATCH('pick him') LIMIT 0,200 OPTION agent_query_timeout=0, retry_delay=0;
/* Tue Jan  7 16:15:04.263 2020 conn 39 real 0.000 wall 0.000 found 4 */ SELECT  FROM phrasal WHERE MATCH('pick up') LIMIT 0,200 OPTION agent_query_timeout=0, retry_delay=0;
/* Tue Jan  7 16:15:14.221 2020 conn 40 real 0.000 wall 0.000 found 0 */ SELECT  FROM phrasal WHERE MATCH('pick up from') LIMIT 0,200 OPTION agent_query_timeout=0, retry_delay=0;
/* Tue Jan  7 16:15:45.938 2020 conn 41 real 0.000 wall 0.000 found 9 */ SELECT  FROM idiom WHERE MATCH('i') LIMIT 0,200 OPTION agent_query_timeout=0, retry_delay=0;
/* Tue Jan  7 16:15:45.941 2020 conn 41 real 0.000 wall 0.000 found 46 */ SELECT  FROM idiom WHERE MATCH('have') LIMIT 0,200 OPTION agent_query_timeout=0, retry_delay=0;
/* Tue Jan  7 16:15:45.946 2020 conn 41 real 0.000 wall 0.000 found 5 */ SELECT  FROM idiom WHERE MATCH('pick') LIMIT 0,200 OPTION agent_query_timeout=0, retry_delay=0;
/* Tue Jan  7 16:15:45.949 2020 conn 41 real 0.000 wall 0.000 found 1 */ SELECT  FROM idiom WHERE MATCH('have i') LIMIT 0,200 OPTION agent_query_timeout=0, retry_delay=0;
/* Tue Jan  7 16:15:45.961 2020 conn 41 real 0.000 wall 0.000 found 50 */ SELECT  FROM idiom WHERE MATCH('up') LIMIT 0,200 OPTION agent_query_timeout=0, retry_delay=0;
/* Tue Jan  7 16:15:45.964 2020 conn 41 real 0.000 wall 0.000 found 10 */ SELECT  FROM idiom WHERE MATCH('from') LIMIT 0,200 OPTION agent_query_timeout=0, retry_delay=0;
/* Tue Jan  7 16:15:45.966 2020 conn 41 real 0.000 wall 0.000 found 2 */ SELECT  FROM idiom WHERE MATCH('pick up') LIMIT 0,200 OPTION agent_query_timeout=0, retry_delay=0;
/* Tue Jan  7 16:15:45.974 2020 conn 41 real 0.000 wall 0.000 found 1 */ SELECT  FROM idiom WHERE MATCH('school') LIMIT 0,200 OPTION agent_query_timeout=0, retry_delay=0;
/* Tue Jan  7 16:15:45.976 2020 conn 41 real 0.000 wall 0.000 found 10 */ SELECT  FROM idiom WHERE MATCH('from') LIMIT 0,200 OPTION agent_query_timeout=0, retry_delay=0;
/* Tue Jan  7 16:15:48.699 2020 conn 41 real 0.000 wall 0.000 found 0 */ SELECT  FROM phrasal WHERE MATCH('have to') LIMIT 0,200 OPTION agent_query_timeout=0, retry_delay=0;
/* Tue Jan  7 16:15:49.386 2020 conn 41 real 0.000 wall 0.000 found 0 */ SELECT  FROM phrasal WHERE MATCH('have pick') LIMIT 0,200 OPTION agent_query_timeout=0, retry_delay=0;
/* Tue Jan  7 16:15:51.039 2020 conn 41 real 0.000 wall 0.000 found 0 */ SELECT  FROM phrasal WHERE MATCH('pick him') LIMIT 0,200 OPTION agent_query_timeout=0, retry_delay=0;
/* Tue Jan  7 16:15:54.179 2020 conn 41 real 0.000 wall 0.000 found 4 */ SELECT  FROM phrasal WHERE MATCH('pick up') LIMIT 0,200 OPTION agent_query_timeout=0, retry_delay=0;
/* Tue Jan  7 16:16:20.093 2020 conn 42 real 0.000 wall 0.000 found 0 */ SELECT  FROM phrasal WHERE MATCH('pick up from') LIMIT 0,200 OPTION agent_query_timeout=0, retry_delay=0;
/* Tue Jan  7 16:18:10.218 2020 conn 43 real 0.000 wall 0.000 found 9 */ SELECT  FROM idiom WHERE MATCH('i') LIMIT 0,200 OPTION agent_query_timeout=0, retry_delay=0;
/* Tue Jan  7 16:18:10.236 2020 conn 43 real 0.000 wall 0.000 found 46 */ SELECT  FROM idiom WHERE MATCH('have') LIMIT 0,200 OPTION agent_query_timeout=0, retry_delay=0;
/* Tue Jan  7 16:18:10.241 2020 conn 43 real 0.000 wall 0.000 found 5 */ SELECT  FROM idiom WHERE MATCH('pick') LIMIT 0,200 OPTION agent_query_timeout=0, retry_delay=0;
/* Tue Jan  7 16:18:10.243 2020 conn 43 real 0.000 wall 0.000 found 1 */ SELECT  FROM idiom WHERE MATCH('have i') LIMIT 0,200 OPTION agent_query_timeout=0, retry_delay=0;
/* Tue Jan  7 16:18:12.745 2020 conn 43 real 0.000 wall 0.000 found 50 */ SELECT  FROM idiom WHERE MATCH('up') LIMIT 0,200 OPTION agent_query_timeout=0, retry_delay=0;
/* Tue Jan  7 16:18:12.750 2020 conn 43 real 0.000 wall 0.000 found 10 */ SELECT  FROM idiom WHERE MATCH('from') LIMIT 0,200 OPTION agent_query_timeout=0, retry_delay=0;
/* Tue Jan  7 16:18:12.752 2020 conn 43 real 0.000 wall 0.000 found 2 */ SELECT  FROM idiom WHERE MATCH('pick up') LIMIT 0,200 OPTION agent_query_timeout=0, retry_delay=0;
/* Tue Jan  7 16:18:12.766 2020 conn 43 real 0.000 wall 0.000 found 1 */ SELECT  FROM idiom WHERE MATCH('school') LIMIT 0,200 OPTION agent_query_timeout=0, retry_delay=0;
/* Tue Jan  7 16:18:12.768 2020 conn 43 real 0.000 wall 0.000 found 10 */ SELECT  FROM idiom WHERE MATCH('from') LIMIT 0,200 OPTION agent_query_timeout=0, retry_delay=0;
/* Tue Jan  7 16:18:14.972 2020 conn 43 real 0.003 wall 0.003 found 0 */ SELECT  FROM phrasal WHERE MATCH('have to') LIMIT 0,200 OPTION agent_query_timeout=0, retry_delay=0;
/* Tue Jan  7 16:18:15.459 2020 conn 43 real 0.000 wall 0.000 found 0 */ SELECT  FROM phrasal WHERE MATCH('have pick') LIMIT 0,200 OPTION agent_query_timeout=0, retry_delay=0;
/* Tue Jan  7 16:18:15.566 2020 conn 43 real 0.000 wall 0.000 found 0 */ SELECT  FROM phrasal WHERE MATCH('pick him') LIMIT 0,200 OPTION agent_query_timeout=0, retry_delay=0;
/* Tue Jan  7 16:18:15.615 2020 conn 43 real 0.000 wall 0.000 found 4 */ SELECT  FROM phrasal WHERE MATCH('pick up') LIMIT 0,200 OPTION agent_query_timeout=0, retry_delay=0;
/* Tue Jan  7 16:18:15.731 2020 conn 43 real 0.000 wall 0.000 found 0 */ SELECT  FROM phrasal WHERE MATCH('pick up from') LIMIT 0,200 OPTION agent_query_timeout=0, retry_delay=0;
/* Tue Jan  7 16:21:30.403 2020 conn 44 real 0.002 wall 0.002 found 9 */ SELECT  FROM idiom WHERE MATCH('i') LIMIT 0,200 OPTION agent_query_timeout=0, retry_delay=0;
/* Tue Jan  7 16:23:05.404 2020 conn 45 real 0.001 wall 0.001 found 46 */ SELECT  FROM idiom WHERE MATCH('have') LIMIT 0,200 OPTION agent_query_timeout=0, retry_delay=0;
/* Tue Jan  7 16:24:16.963 2020 conn 46 real 0.000 wall 0.000 found 5 */ SELECT  FROM idiom WHERE MATCH('pick') LIMIT 0,200 OPTION agent_query_timeout=0, retry_delay=0;
/* Tue Jan  7 16:24:16.973 2020 conn 46 real 0.000 wall 0.000 found 1 */ SELECT  FROM idiom WHERE MATCH('have i') LIMIT 0,200 OPTION agent_query_timeout=0, retry_delay=0;
/* Tue Jan  7 16:24:17.046 2020 conn 46 real 0.000 wall 0.000 found 50 */ SELECT  FROM idiom WHERE MATCH('up') LIMIT 0,200 OPTION agent_query_timeout=0, retry_delay=0;
/* Tue Jan  7 16:24:17.064 2020 conn 46 real 0.000 wall 0.000 found 2 */ SELECT  FROM idiom WHERE MATCH('pick up') LIMIT 0,200 OPTION agent_query_timeout=0, retry_delay=0;
/* Tue Jan  7 16:24:17.124 2020 conn 46 real 0.002 wall 0.002 found 0 */ SELECT  FROM phrasal WHERE MATCH('have to') LIMIT 0,200 OPTION agent_query_timeout=0, retry_delay=0;
/* Tue Jan  7 16:24:17.126 2020 conn 46 real 0.000 wall 0.000 found 0 */ SELECT  FROM phrasal WHERE MATCH('have pick') LIMIT 0,200 OPTION agent_query_timeout=0, retry_delay=0;
/* Tue Jan  7 16:24:17.129 2020 conn 46 real 0.000 wall 0.000 found 0 */ SELECT  FROM phrasal WHERE MATCH('pick him') LIMIT 0,200 OPTION agent_query_timeout=0, retry_delay=0;
/* Tue Jan  7 16:24:17.131 2020 conn 46 real 0.000 wall 0.000 found 4 */ SELECT  FROM phrasal WHERE MATCH('pick up') LIMIT 0,200 OPTION agent_query_timeout=0, retry_delay=0;
/* Tue Jan  7 16:42:46.225 2020 conn 47 real 0.000 wall 0.000 found 9 */ SELECT  FROM idiom WHERE MATCH('i') LIMIT 0,200 OPTION agent_query_timeout=0, retry_delay=0;
/* Tue Jan  7 16:42:46.247 2020 conn 47 real 0.000 wall 0.000 found 46 */ SELECT  FROM idiom WHERE MATCH('have') LIMIT 0,200 OPTION agent_query_timeout=0, retry_delay=0;
/* Tue Jan  7 16:42:46.253 2020 conn 47 real 0.000 wall 0.000 found 5 */ SELECT  FROM idiom WHERE MATCH('pick') LIMIT 0,200 OPTION agent_query_timeout=0, retry_delay=0;
/* Tue Jan  7 16:42:46.256 2020 conn 47 real 0.000 wall 0.000 found 1 */ SELECT  FROM idiom WHERE MATCH('have i') LIMIT 0,200 OPTION agent_query_timeout=0, retry_delay=0;
/* Tue Jan  7 16:42:50.685 2020 conn 47 real 0.000 wall 0.000 found 50 */ SELECT  FROM idiom WHERE MATCH('up') LIMIT 0,200 OPTION agent_query_timeout=0, retry_delay=0;
/* Tue Jan  7 16:42:50.689 2020 conn 47 real 0.000 wall 0.000 found 2 */ SELECT  FROM idiom WHERE MATCH('pick up') LIMIT 0,200 OPTION agent_query_timeout=0, retry_delay=0;
/* Tue Jan  7 16:42:50.707 2020 conn 47 real 0.000 wall 0.000 found 0 */ SELECT  FROM phrasal WHERE MATCH('have to') LIMIT 0,200 OPTION agent_query_timeout=0, retry_delay=0;
/* Tue Jan  7 16:42:50.711 2020 conn 47 real 0.000 wall 0.000 found 0 */ SELECT  FROM phrasal WHERE MATCH('have pick') LIMIT 0,200 OPTION agent_query_timeout=0, retry_delay=0;
/* Tue Jan  7 16:42:50.713 2020 conn 47 real 0.000 wall 0.000 found 0 */ SELECT  FROM phrasal WHERE MATCH('pick him') LIMIT 0,200 OPTION agent_query_timeout=0, retry_delay=0;
/* Tue Jan  7 16:42:50.714 2020 conn 47 real 0.000 wall 0.000 found 4 */ SELECT  FROM phrasal WHERE MATCH('pick up') LIMIT 0,200 OPTION agent_query_timeout=0, retry_delay=0;
/* Tue Jan  7 16:50:25.218 2020 conn 48 real 0.002 wall 0.002 found 9 */ SELECT  FROM idiom WHERE MATCH('i') LIMIT 0,200 OPTION agent_query_timeout=0, retry_delay=0;
/* Tue Jan  7 16:50:25.240 2020 conn 48 real 0.000 wall 0.000 found 46 */ SELECT  FROM idiom WHERE MATCH('have') LIMIT 0,200 OPTION agent_query_timeout=0, retry_delay=0;
/* Tue Jan  7 16:50:25.248 2020 conn 48 real 0.000 wall 0.000 found 5 */ SELECT  FROM idiom WHERE MATCH('pick') LIMIT 0,200 OPTION agent_query_timeout=0, retry_delay=0;
/* Tue Jan  7 16:50:25.252 2020 conn 48 real 0.000 wall 0.000 found 1 */ SELECT  FROM idiom WHERE MATCH('have i') LIMIT 0,200 OPTION agent_query_timeout=0, retry_delay=0;
/* Tue Jan  7 16:50:30.047 2020 conn 48 real 0.000 wall 0.000 found 50 */ SELECT  FROM idiom WHERE MATCH('up') LIMIT 0,200 OPTION agent_query_timeout=0, retry_delay=0;
/* Tue Jan  7 16:50:30.051 2020 conn 48 real 0.000 wall 0.000 found 2 */ SELECT  FROM idiom WHERE MATCH('pick up') LIMIT 0,200 OPTION agent_query_timeout=0, retry_delay=0;
/* Tue Jan  7 16:50:30.072 2020 conn 48 real 0.002 wall 0.002 found 0 */ SELECT  FROM phrasal WHERE MATCH('have to') LIMIT 0,200 OPTION agent_query_timeout=0, retry_delay=0;
/* Tue Jan  7 16:50:30.077 2020 conn 48 real 0.000 wall 0.000 found 0 */ SELECT  FROM phrasal WHERE MATCH('have pick') LIMIT 0,200 OPTION agent_query_timeout=0, retry_delay=0;
/* Tue Jan  7 16:50:30.080 2020 conn 48 real 0.000 wall 0.000 found 0 */ SELECT  FROM phrasal WHERE MATCH('pick him') LIMIT 0,200 OPTION agent_query_timeout=0, retry_delay=0;
/* Tue Jan  7 16:50:30.082 2020 conn 48 real 0.000 wall 0.000 found 4 */ SELECT  FROM phrasal WHERE MATCH('pick up') LIMIT 0,200 OPTION agent_query_timeout=0, retry_delay=0;
/* Tue Jan  7 16:51:37.923 2020 conn 49 real 0.000 wall 0.000 found 9 */ SELECT  FROM idiom WHERE MATCH('i') LIMIT 0,200 OPTION agent_query_timeout=0, retry_delay=0;
/* Tue Jan  7 16:51:37.926 2020 conn 49 real 0.000 wall 0.000 found 46 */ SELECT  FROM idiom WHERE MATCH('have') LIMIT 0,200 OPTION agent_query_timeout=0, retry_delay=0;
/* Tue Jan  7 16:51:37.932 2020 conn 49 real 0.000 wall 0.000 found 5 */ SELECT  FROM idiom WHERE MATCH('pick') LIMIT 0,200 OPTION agent_query_timeout=0, retry_delay=0;
/* Tue Jan  7 16:51:38.722 2020 conn 49 real 0.001 wall 0.001 found 1 */ SELECT  FROM idiom WHERE MATCH('have i') LIMIT 0,200 OPTION agent_query_timeout=0, retry_delay=0;
/* Tue Jan  7 16:51:38.745 2020 conn 49 real 0.000 wall 0.000 found 50 */ SELECT  FROM idiom WHERE MATCH('up') LIMIT 0,200 OPTION agent_query_timeout=0, retry_delay=0;
/* Tue Jan  7 16:51:57.128 2020 conn 50 real 0.001 wall 0.001 found 2 */ SELECT  FROM idiom WHERE MATCH('pick up') LIMIT 0,200 OPTION agent_query_timeout=0, retry_delay=0;
